<?xml version="1.0" encoding="UTF-8"?>
<!-- Generated by org.testng.reporters.JUnitReportReporter -->
<testsuite hostname="VGUDIDEV-IN" name="Test.Gurukula.StaffPageTest" tests="3" failures="0" timestamp="9 May 2016 18:08:06 GMT" time="76.480" errors="0">
  <testcase name="staff_003" time="29.477" classname="Test.Gurukula.StaffPageTest"/>
  <testcase name="staff_001" time="17.745" classname="Test.Gurukula.StaffPageTest"/>
  <testcase name="staff_002" time="29.258" classname="Test.Gurukula.StaffPageTest"/>
</testsuite> <!-- Test.Gurukula.StaffPageTest -->
