<?xml version="1.0" encoding="UTF-8"?>
<!-- Generated by org.testng.reporters.JUnitReportReporter -->
<testsuite hostname="VGUDIDEV-IN" name="Test.Gurukula.BranchPageTest" tests="3" failures="0" timestamp="9 May 2016 18:08:06 GMT" time="57.910" errors="0">
  <testcase name="branch_001" time="18.364" classname="Test.Gurukula.BranchPageTest"/>
  <testcase name="branch_003" time="19.726" classname="Test.Gurukula.BranchPageTest"/>
  <testcase name="branch_002" time="19.820" classname="Test.Gurukula.BranchPageTest"/>
</testsuite> <!-- Test.Gurukula.BranchPageTest -->
