<?xml version="1.0" encoding="UTF-8"?>
<!-- Generated by org.testng.reporters.JUnitReportReporter -->
<testsuite hostname="VGUDIDEV-IN" name="Test.Gurukula.LoginPageTest" tests="8" failures="0" timestamp="9 May 2016 18:55:52 GMT" time="143.132" errors="0">
  <testcase name="login_006" time="17.484" classname="Test.Gurukula.LoginPageTest"/>
  <testcase name="login_008" time="18.303" classname="Test.Gurukula.LoginPageTest"/>
  <testcase name="login_003" time="17.706" classname="Test.Gurukula.LoginPageTest"/>
  <testcase name="login_001" time="18.174" classname="Test.Gurukula.LoginPageTest"/>
  <testcase name="login_004" time="17.908" classname="Test.Gurukula.LoginPageTest"/>
  <testcase name="login_005" time="17.902" classname="Test.Gurukula.LoginPageTest"/>
  <testcase name="login_002" time="17.893" classname="Test.Gurukula.LoginPageTest"/>
  <testcase name="login_007" time="17.762" classname="Test.Gurukula.LoginPageTest"/>
</testsuite> <!-- Test.Gurukula.LoginPageTest -->
