<?xml version="1.0" encoding="UTF-8"?>
<!-- Generated by org.testng.reporters.JUnitReportReporter -->
<testsuite hostname="VGUDIDEV-IN" name="Test.Gurukula.StaffPageTest" tests="3" failures="0" timestamp="9 May 2016 18:55:52 GMT" time="76.773" errors="0">
  <testcase name="staff_002" time="29.415" classname="Test.Gurukula.StaffPageTest"/>
  <testcase name="staff_001" time="17.914" classname="Test.Gurukula.StaffPageTest"/>
  <testcase name="staff_003" time="29.444" classname="Test.Gurukula.StaffPageTest"/>
</testsuite> <!-- Test.Gurukula.StaffPageTest -->
