<?xml version="1.0" encoding="UTF-8"?>
<!-- Generated by org.testng.reporters.JUnitReportReporter -->
<testsuite hostname="VGUDIDEV-IN" name="Test.Gurukula.HomePageTest" tests="2" failures="0" timestamp="9 May 2016 18:55:52 GMT" time="34.817" errors="0">
  <testcase name="home_001" time="17.420" classname="Test.Gurukula.HomePageTest"/>
  <testcase name="home_002" time="17.397" classname="Test.Gurukula.HomePageTest"/>
</testsuite> <!-- Test.Gurukula.HomePageTest -->
